<?xml version="1.0" encoding="UTF-8"?>
<!-- Generated by org.testng.reporters.JUnitReportReporter -->
<testsuite skipped="0" hostname="DESKTOP-6FTF0UD" name="Seelnium.testnp.Tablehandle" tests="1" failures="0" timestamp="2019-11-24T10:37:10 IST" time="74.460" errors="0">
  <testcase name="f" time="74.460" classname="Seelnium.testnp.Tablehandle"/>
</testsuite> <!-- Seelnium.testnp.Tablehandle -->
