<?xml version="1.0" encoding="UTF-8"?>
<!-- Generated by org.testng.reporters.JUnitReportReporter -->
<testsuite skipped="0" hostname="DESKTOP-6FTF0UD" name="Seelnium.testnp.Javacripttpopup" tests="1" failures="0" timestamp="2019-11-24T09:59:32 IST" time="19.554" errors="0">
  <testcase name="f" time="19.554" classname="Seelnium.testnp.Javacripttpopup"/>
</testsuite> <!-- Seelnium.testnp.Javacripttpopup -->
