<?xml version="1.0" encoding="UTF-8"?>
<!-- Generated by org.testng.reporters.JUnitReportReporter -->
<testsuite skipped="0" hostname="DESKTOP-6FTF0UD" name="WebApplication.phptravelslogin" tests="1" failures="0" timestamp="2019-11-23T17:22:34 IST" time="58.307" errors="0">
  <testcase name="phptravelslogin" time="58.307" classname="WebApplication.phptravelslogin"/>
</testsuite> <!-- WebApplication.phptravelslogin -->
