<?xml version="1.0" encoding="UTF-8"?>
<!-- Generated by org.testng.reporters.JUnitReportReporter -->
<testsuite skipped="0" hostname="DESKTOP-6FTF0UD" name="MyTestNp.NewTest" tests="2" failures="0" timestamp="2019-11-21T10:58:40 IST" time="0.007" errors="0">
  <testcase name="test" time="0.003" classname="MyTestNp.NewTest"/>
  <testcase name="test" time="0.004" classname="MyTestNp.NewTest"/>
</testsuite> <!-- MyTestNp.NewTest -->
