<?xml version="1.0" encoding="UTF-8"?>
<!-- Generated by org.testng.reporters.JUnitReportReporter -->
<testsuite skipped="0" hostname="DESKTOP-6FTF0UD" name="Seelnium.testnp.Windowpopup" tests="1" failures="0" timestamp="2019-11-24T11:19:23 IST" time="29.619" errors="0">
  <testcase name="f" time="29.619" classname="Seelnium.testnp.Windowpopup"/>
</testsuite> <!-- Seelnium.testnp.Windowpopup -->
