<?xml version="1.0" encoding="UTF-8"?>
<!-- Generated by org.testng.reporters.JUnitReportReporter -->
<testsuite skipped="3" hostname="DESKTOP-6FTF0UD" name="Seelnium.testnp.Practisedemo" tests="4" failures="0" timestamp="2019-11-25T18:42:07 IST" time="252.726" errors="0">
  <testcase name="windowpopup" time="252.726" classname="Seelnium.testnp.Practisedemo"/>
  <testcase name="f" classname="Seelnium.testnp.Practisedemo">
    <skipped/>
  </testcase> <!-- f -->
  <testcase name="Dropdown" classname="Seelnium.testnp.Practisedemo">
    <skipped/>
  </testcase> <!-- Dropdown -->
  <testcase name="popup" classname="Seelnium.testnp.Practisedemo">
    <skipped/>
  </testcase> <!-- popup -->
</testsuite> <!-- Seelnium.testnp.Practisedemo -->
