<?xml version="1.0" encoding="UTF-8"?>
<!-- Generated by org.testng.reporters.JUnitReportReporter -->
<testsuite skipped="0" hostname="DESKTOP-6FTF0UD" name="Seelnium.testnp.NewTest1" tests="1" failures="0" timestamp="2019-11-23T11:06:46 IST" time="13.475" errors="0">
  <testcase name="f" time="13.475" classname="Seelnium.testnp.NewTest1"/>
</testsuite> <!-- Seelnium.testnp.NewTest1 -->
