<?xml version="1.0" encoding="UTF-8"?>
<!-- Generated by org.testng.reporters.JUnitReportReporter -->
<testsuite skipped="0" hostname="DESKTOP-6FTF0UD" name="MyTestNp.javascriptexecutorDemo" tests="1" failures="0" timestamp="2019-11-30T10:58:34 IST" time="17.944" errors="0">
  <testcase name="f" time="17.944" classname="MyTestNp.javascriptexecutorDemo"/>
</testsuite> <!-- MyTestNp.javascriptexecutorDemo -->
