<?xml version="1.0" encoding="UTF-8"?>
<!-- Generated by org.testng.reporters.JUnitReportReporter -->
<testsuite skipped="2" hostname="DESKTOP-6FTF0UD" name="Seelnium.testnp.BrowseNavigation" tests="3" failures="0" timestamp="2019-11-25T17:08:59 IST" time="28.772" errors="0">
  <testcase name="Dropdown" time="28.772" classname="Seelnium.testnp.BrowseNavigation"/>
  <testcase name="f" classname="Seelnium.testnp.BrowseNavigation">
    <skipped/>
  </testcase> <!-- f -->
  <testcase name="Dropdownoptionselect" classname="Seelnium.testnp.BrowseNavigation">
    <skipped/>
  </testcase> <!-- Dropdownoptionselect -->
</testsuite> <!-- Seelnium.testnp.BrowseNavigation -->
