<?xml version="1.0" encoding="UTF-8"?>
<!-- Generated by org.testng.reporters.JUnitReportReporter -->
<testsuite skipped="0" hostname="DESKTOP-6FTF0UD" name="MyTestNp.AnnotationofTestn" tests="2" failures="0" timestamp="2019-11-21T10:58:40 IST" time="0.014" errors="0">
  <testcase name="test51" time="0.010" classname="MyTestNp.AnnotationofTestn"/>
  <testcase name="test5" time="0.004" classname="MyTestNp.AnnotationofTestn"/>
</testsuite> <!-- MyTestNp.AnnotationofTestn -->
